 
 1          OPTIONS NONOTES NOSTIMER NOSOURCE NOSYNTAXCHECK;
 68         
 69         *Question 1a;
 70         data new;
 71         input code disease count;
 72         datalines;
 
 NOTE: The data set WORK.NEW has 4 observations and 3 variables.
 NOTE: DATA statement used (Total process time):
       real time           0.00 seconds
       user cpu time       0.00 seconds
       system cpu time     0.00 seconds
       memory              666.34k
       OS Memory           21416.00k
       Timestamp           03/13/2023 09:33:53 PM
       Step Count                        77  Switch Count  2
       Page Faults                       0
       Page Reclaims                     127
       Page Swaps                        0
       Voluntary Context Switches        9
       Involuntary Context Switches      0
       Block Input Operations            0
       Block Output Operations           264
       
 
 77         ;
 78         run;
 79         proc freq data=new order=data;
 80         tables code*disease / out=lr outpct;
 81         weight count;
 82         run;
 
 NOTE: There were 4 observations read from the data set WORK.NEW.
 NOTE: The data set WORK.LR has 4 observations and 6 variables.
 NOTE: PROCEDURE FREQ used (Total process time):
       real time           0.02 seconds
       user cpu time       0.03 seconds
       system cpu time     0.00 seconds
       memory              2252.71k
       OS Memory           22452.00k
       Timestamp           03/13/2023 09:33:53 PM
       Step Count                        78  Switch Count  6
       Page Faults                       0
       Page Reclaims                     369
       Page Swaps                        0
       Voluntary Context Switches        35
       Involuntary Context Switches      0
       Block Input Operations            0
       Block Output Operations           800
       
 
 83         proc freq data=new order=data;
 84         tables code*disease / nopct nocol out=lr outpct;
 85         weight count;
 86         run;
 
 NOTE: There were 4 observations read from the data set WORK.NEW.
 NOTE: The data set WORK.LR has 4 observations and 6 variables.
 NOTE: PROCEDURE FREQ used (Total process time):
       real time           0.02 seconds
       user cpu time       0.02 seconds
       system cpu time     0.00 seconds
       memory              1409.31k
       OS Memory           22708.00k
       Timestamp           03/13/2023 09:33:53 PM
       Step Count                        79  Switch Count  6
       Page Faults                       0
       Page Reclaims                     292
       Page Swaps                        0
       Voluntary Context Switches        37
       Involuntary Context Switches      0
       Block Input Operations            0
       Block Output Operations           792
       
 
 87         
 88         
 89         *Question 1b;
 90         data lr2;
 91         set lr end=final;
 92         retain sens spec;
 93         
 94         if code=1 and disease=1 then
 95         sens=pct_col/100;
 96         
 97         if code=0 and disease=0 then
 98         spec=pct_col/100;
 99         
 100        if final=1 then
 101        do;
 102        pospredvalue=(90/92)*100;
 103        lr_pos=sens/(1-spec);
 104        keep sens spec pospredvalue lr_pos;
 105        output;
 106        end;
 107        run;
 
 NOTE: There were 4 observations read from the data set WORK.LR.
 NOTE: The data set WORK.LR2 has 1 observations and 4 variables.
 NOTE: DATA statement used (Total process time):
       real time           0.00 seconds
       user cpu time       0.00 seconds
       system cpu time     0.00 seconds
       memory              951.15k
       OS Memory           22188.00k
       Timestamp           03/13/2023 09:33:53 PM
       Step Count                        80  Switch Count  2
       Page Faults                       0
       Page Reclaims                     132
       Page Swaps                        0
       Voluntary Context Switches        14
       Involuntary Context Switches      0
       Block Input Operations            0
       Block Output Operations           264
       
 
 108        
 109        
 110        
 111        *Question 1c;
 112        data final;
 113        set lr2;
 114        pretest_prob=0.00133;
 115        lr_pos=45;
 116        pretest_odds=pretest_prob/(1-pretest_prob);
 117        posttest_odds=lr_pos*pretest_odds;
 118        posttest_prob=posttest_odds/(posttest_odds+1);
 119        pappv=sens*pretest_prob/(sens*pretest_prob+(1-spec)*(1-pretest_prob));
 120        run;
 
 NOTE: There were 1 observations read from the data set WORK.LR2.
 NOTE: The data set WORK.FINAL has 1 observations and 9 variables.
 NOTE: DATA statement used (Total process time):
       real time           0.00 seconds
       user cpu time       0.01 seconds
       system cpu time     0.01 seconds
       memory              947.84k
       OS Memory           22188.00k
       Timestamp           03/13/2023 09:33:53 PM
       Step Count                        81  Switch Count  2
       Page Faults                       0
       Page Reclaims                     128
       Page Swaps                        0
       Voluntary Context Switches        9
       Involuntary Context Switches      0
       Block Input Operations            0
       Block Output Operations           272
       
 
 121        proc print;
 122        run;
 
 NOTE: There were 1 observations read from the data set WORK.FINAL.
 NOTE: PROCEDURE PRINT used (Total process time):
       real time           0.01 seconds
       user cpu time       0.01 seconds
       system cpu time     0.00 seconds
       memory              732.21k
       OS Memory           21928.00k
       Timestamp           03/13/2023 09:33:53 PM
       Step Count                        82  Switch Count  0
       Page Faults                       0
       Page Reclaims                     79
       Page Swaps                        0
       Voluntary Context Switches        0
       Involuntary Context Switches      0
       Block Input Operations            0
       Block Output Operations           0
       
 
 123        
 124        
 125        *Question 2;
 126        data final1;
 127        *set lr2;
 128        pretest_prob=0.025;
 129        lr_pos=29.9;
 130        pretest_odds=pretest_prob/(1-pretest_prob);
 131        posttest_odds=lr_pos*pretest_odds;
 132        posttest_prob=posttest_odds/(posttest_odds+1);
 133        pappv=sens*pretest_prob/(sens*pretest_prob+(1-spec)*(1-pretest_prob));
 134        run;
 
 NOTE: Variable sens is uninitialized.
 NOTE: Variable spec is uninitialized.
 NOTE: Missing values were generated as a result of performing an operation on missing values.
       Each place is given by: (Number of times) at (Line):(Column).
       1 at 133:12   
 NOTE: The data set WORK.FINAL1 has 1 observations and 8 variables.
 NOTE: DATA statement used (Total process time):
       real time           0.00 seconds
       user cpu time       0.00 seconds
       system cpu time     0.00 seconds
       memory              670.65k
       OS Memory           21928.00k
       Timestamp           03/13/2023 09:33:53 PM
       Step Count                        83  Switch Count  2
       Page Faults                       0
       Page Reclaims                     94
       Page Swaps                        0
       Voluntary Context Switches        13
       Involuntary Context Switches      0
       Block Input Operations            0
       Block Output Operations           264
       
 
 135        proc print;
 136        run;
 
 NOTE: There were 1 observations read from the data set WORK.FINAL1.
 NOTE: PROCEDURE PRINT used (Total process time):
       real time           0.00 seconds
       user cpu time       0.01 seconds
       system cpu time     0.00 seconds
       memory              669.28k
       OS Memory           21928.00k
       Timestamp           03/13/2023 09:33:53 PM
       Step Count                        84  Switch Count  0
       Page Faults                       0
       Page Reclaims                     68
       Page Swaps                        0
       Voluntary Context Switches        0
       Involuntary Context Switches      0
       Block Input Operations            0
       Block Output Operations           16
       
 
 137        
 138        
 139        *Question 3;
 140        data final2;
 141        *set lr2;
 142        pretest_prob=0.025;
 143        lr_pos=32;
 144        pretest_odds=pretest_prob/(1-pretest_prob);
 145        posttest_odds=lr_pos*pretest_odds;
 146        posttest_prob=posttest_odds/(posttest_odds+1);
 147        pappv=sens*pretest_prob/(sens*pretest_prob+(1-spec)*(1-pretest_prob));
 148        run;
 
 NOTE: Variable sens is uninitialized.
 NOTE: Variable spec is uninitialized.
 NOTE: Missing values were generated as a result of performing an operation on missing values.
       Each place is given by: (Number of times) at (Line):(Column).
       1 at 147:12   
 NOTE: The data set WORK.FINAL2 has 1 observations and 8 variables.
 NOTE: DATA statement used (Total process time):
       real time           0.00 seconds
       user cpu time       0.00 seconds
       system cpu time     0.00 seconds
       memory              669.00k
       OS Memory           21928.00k
       Timestamp           03/13/2023 09:33:53 PM
       Step Count                        85  Switch Count  2
       Page Faults                       0
       Page Reclaims                     93
       Page Swaps                        0
       Voluntary Context Switches        12
       Involuntary Context Switches      0
       Block Input Operations            0
       Block Output Operations           272
       
 
 149        proc print;
 150        run;
 
 NOTE: There were 1 observations read from the data set WORK.FINAL2.
 NOTE: PROCEDURE PRINT used (Total process time):
       real time           0.00 seconds
       user cpu time       0.01 seconds
       system cpu time     0.00 seconds
       memory              668.78k
       OS Memory           21928.00k
       Timestamp           03/13/2023 09:33:53 PM
       Step Count                        86  Switch Count  0
       Page Faults                       0
       Page Reclaims                     67
       Page Swaps                        0
       Voluntary Context Switches        0
       Involuntary Context Switches      0
       Block Input Operations            0
       Block Output Operations           0
       
 
 151        
 152        
 153        
 154        OPTIONS NONOTES NOSTIMER NOSOURCE NOSYNTAXCHECK;
 164        